2023-10-31 22:32:19 | INFO    | __main__:stash:140 | run - {'image': '20231029', 'version': '0.9.2.post3', 'role': 'EpicPlayer', 'headless': True, 'self_supervised': True}
2023-10-31 22:32:28 | INFO    | __main__:claim_epic_games:96 | Try to flush cookie - {'task': 'claim_epic_games'}
2023-10-31 22:32:32 | INFO    | epic_games.agent:_login:186 | login-with-email - {'url': 'https://www.epicgames.com/id/login?lang=en-US&noHostRedirect=true&redirectUrl=https://store.epicgames.com/en-US/free-games'}
2023-10-31 22:32:37 | DEBUG    | epic_games.agent:insert_challenge:164 | Attack challenge - {'stage': 'email_exists_prod'}
2023-10-31 22:32:40 | DEBUG    | hcaptcha_challenger.agents.playwright.control:lookup_objects:472 | catch model - {'yolo': 'head_of_the_animal_turtle_2309_yolov8s.onnx', 'ash': 'please click on the head of the animal default'}
2023-10-31 22:32:43 | DEBUG    | hcaptcha_challenger.agents.playwright.control:lookup_objects:472 | catch model - {'yolo': 'head_of_the_animal_turtle_2309_yolov8s.onnx', 'ash': 'please click on the head of the animal default'}
2023-10-31 22:32:44 | DEBUG    | epic_games.agent:insert_challenge:167 | Parse result - {'stage': 'email_exists_prod', 'result': 'retry'}
2023-10-31 22:32:50 | DEBUG    | hcaptcha_challenger.agents.playwright.control:_rank_models:414 | rank model - {'resnet': 'nested_smallest_bird2309.onnx', 'prompt': 'Please click on each image containing the smallest animal.'}
2023-10-31 22:32:56 | DEBUG    | epic_games.agent:insert_challenge:167 | Parse result - {'stage': 'email_exists_prod', 'result': 'success'}
2023-10-31 22:33:02 | DEBUG    | epic_games.agent:insert_challenge:158 | Attack challenge - {'stage': 'login_prod'}
2023-10-31 22:33:03 | DEBUG    | hcaptcha_challenger.agents.playwright.control:_rank_models:414 | rank model - {'resnet': 'nested_smallest_bird2309.onnx', 'prompt': 'Please click on each image containing the smallest аnіmal.'}
2023-10-31 22:33:10 | DEBUG    | epic_games.agent:insert_challenge:167 | Parse result - {'stage': 'login_prod', 'result': 'success'}
2023-10-31 22:33:15 | SUCCESS    | epic_games.agent:_login:202 | login - {'result': 'Successfully refreshed tokens'}
2023-10-31 22:33:23 | SUCCESS    | epic_games.agent:flush_token:229 | flush_token - {'path': PosixPath('/home/runner/work/Epic_Auto/Epic_Auto/epic/user_data_dir/epic-games@461387340/ctx_cookie.json')}
2023-10-31 22:33:25 | DEBUG    | __main__:create_tasks:65 | Put task - {'title': 'The Evil Within 2', 'url': 'https://store.epicgames.com/en-US/p/the-evil-within-2'}
2023-10-31 22:33:25 | INFO    | epic_games.agent:claim_weekly_games:237 | claim_weekly_games - {'action': 'go to store', 'url': 'https://store.epicgames.com/en-US/p/the-evil-within-2'}
2023-10-31 22:33:36 | INFO    | epic_games.agent:claim_weekly_games:268 | claim_weekly_games - {'action': 'move to webPurchaseContainer iframe'}
2023-10-31 22:33:39 | INFO    | epic_games.agent:claim_weekly_games:270 | claim_weekly_games - {'action': 'click payment button'}
2023-10-31 22:33:44 | DEBUG    | hcaptcha_challenger.agents.playwright.control:_rank_models:414 | rank model - {'resnet': 'nested_smallest_bird2309.onnx', 'prompt': 'Please click on each image containing the smallest аnimаl.'}
2023-10-31 22:33:57 | SUCCESS    | epic_games.agent:claim_weekly_games:281 | claim_weekly_games - {'action': 'success', 'url': 'https://store.epicgames.com/en-US/cart/success'}
